{"C:\\Users\\flami\\OneDrive\\Máy tính\\timechecker\\timechecker\\timechecker\\script.js": {"path":"C:\\Users\\flami\\OneDrive\\Máy tính\\timechecker\\timechecker\\timechecker\\script.js","statementMap":{"0":{"start":{"line":2,"column":15},"end":{"line":4,"column":1}},"1":{"start":{"line":3,"column":4},"end":{"line":3,"column":26}},"2":{"start":{"line":6,"column":23},"end":{"line":22,"column":1}},"3":{"start":{"line":7,"column":4},"end":{"line":10,"column":5}},"4":{"start":{"line":8,"column":8},"end":{"line":8,"column":57}},"5":{"start":{"line":9,"column":8},"end":{"line":9,"column":21}},"6":{"start":{"line":12,"column":4},"end":{"line":15,"column":5}},"7":{"start":{"line":13,"column":8},"end":{"line":13,"column":57}},"8":{"start":{"line":14,"column":8},"end":{"line":14,"column":21}},"9":{"start":{"line":17,"column":4},"end":{"line":20,"column":5}},"10":{"start":{"line":18,"column":8},"end":{"line":18,"column":56}},"11":{"start":{"line":19,"column":8},"end":{"line":19,"column":21}},"12":{"start":{"line":21,"column":4},"end":{"line":21,"column":16}},"13":{"start":{"line":24,"column":19},"end":{"line":29,"column":1}},"14":{"start":{"line":25,"column":4},"end":{"line":27,"column":5}},"15":{"start":{"line":26,"column":8},"end":{"line":26,"column":21}},"16":{"start":{"line":28,"column":4},"end":{"line":28,"column":16}},"17":{"start":{"line":31,"column":21},"end":{"line":36,"column":1}},"18":{"start":{"line":32,"column":4},"end":{"line":34,"column":5}},"19":{"start":{"line":33,"column":8},"end":{"line":33,"column":21}},"20":{"start":{"line":35,"column":4},"end":{"line":35,"column":16}},"21":{"start":{"line":38,"column":20},"end":{"line":43,"column":1}},"22":{"start":{"line":39,"column":4},"end":{"line":41,"column":5}},"23":{"start":{"line":40,"column":8},"end":{"line":40,"column":21}},"24":{"start":{"line":42,"column":4},"end":{"line":42,"column":16}},"25":{"start":{"line":45,"column":17},"end":{"line":47,"column":1}},"26":{"start":{"line":46,"column":4},"end":{"line":46,"column":34}},"27":{"start":{"line":49,"column":27},"end":{"line":55,"column":1}},"28":{"start":{"line":50,"column":19},"end":{"line":50,"column":21}},"29":{"start":{"line":51,"column":4},"end":{"line":53,"column":5}},"30":{"start":{"line":52,"column":8},"end":{"line":52,"column":22}},"31":{"start":{"line":54,"column":4},"end":{"line":54,"column":35}},"32":{"start":{"line":57,"column":22},"end":{"line":59,"column":1}},"33":{"start":{"line":58,"column":4},"end":{"line":58,"column":22}},"34":{"start":{"line":62,"column":4},"end":{"line":65,"column":5}},"35":{"start":{"line":63,"column":8},"end":{"line":63,"column":64}},"36":{"start":{"line":64,"column":8},"end":{"line":64,"column":15}},"37":{"start":{"line":67,"column":4},"end":{"line":69,"column":5}},"38":{"start":{"line":68,"column":8},"end":{"line":68,"column":15}},"39":{"start":{"line":71,"column":4},"end":{"line":74,"column":5}},"40":{"start":{"line":72,"column":8},"end":{"line":72,"column":63}},"41":{"start":{"line":73,"column":8},"end":{"line":73,"column":15}},"42":{"start":{"line":76,"column":4},"end":{"line":79,"column":5}},"43":{"start":{"line":77,"column":8},"end":{"line":77,"column":65}},"44":{"start":{"line":78,"column":8},"end":{"line":78,"column":15}},"45":{"start":{"line":81,"column":4},"end":{"line":84,"column":5}},"46":{"start":{"line":82,"column":8},"end":{"line":82,"column":64}},"47":{"start":{"line":83,"column":8},"end":{"line":83,"column":15}},"48":{"start":{"line":86,"column":4},"end":{"line":91,"column":5}},"49":{"start":{"line":87,"column":8},"end":{"line":90,"column":9}},"50":{"start":{"line":88,"column":12},"end":{"line":88,"column":68}},"51":{"start":{"line":89,"column":12},"end":{"line":89,"column":19}},"52":{"start":{"line":93,"column":4},"end":{"line":93,"column":56}},"53":{"start":{"line":97,"column":0},"end":{"line":97,"column":46}}},"fnMap":{"0":{"name":"(anonymous_0)","decl":{"start":{"line":2,"column":15},"end":{"line":2,"column":16}},"loc":{"start":{"line":2,"column":27},"end":{"line":4,"column":1}},"line":2},"1":{"name":"(anonymous_1)","decl":{"start":{"line":6,"column":23},"end":{"line":6,"column":24}},"loc":{"start":{"line":6,"column":45},"end":{"line":22,"column":1}},"line":6},"2":{"name":"(anonymous_2)","decl":{"start":{"line":24,"column":19},"end":{"line":24,"column":20}},"loc":{"start":{"line":24,"column":26},"end":{"line":29,"column":1}},"line":24},"3":{"name":"(anonymous_3)","decl":{"start":{"line":31,"column":21},"end":{"line":31,"column":22}},"loc":{"start":{"line":31,"column":31},"end":{"line":36,"column":1}},"line":31},"4":{"name":"(anonymous_4)","decl":{"start":{"line":38,"column":20},"end":{"line":38,"column":21}},"loc":{"start":{"line":38,"column":29},"end":{"line":43,"column":1}},"line":38},"5":{"name":"(anonymous_5)","decl":{"start":{"line":45,"column":17},"end":{"line":45,"column":18}},"loc":{"start":{"line":45,"column":27},"end":{"line":47,"column":1}},"line":45},"6":{"name":"(anonymous_6)","decl":{"start":{"line":49,"column":27},"end":{"line":49,"column":28}},"loc":{"start":{"line":49,"column":41},"end":{"line":55,"column":1}},"line":49},"7":{"name":"(anonymous_7)","decl":{"start":{"line":57,"column":22},"end":{"line":57,"column":23}},"loc":{"start":{"line":57,"column":36},"end":{"line":59,"column":1}},"line":57},"8":{"name":"validateInput","decl":{"start":{"line":61,"column":9},"end":{"line":61,"column":22}},"loc":{"start":{"line":61,"column":41},"end":{"line":94,"column":1}},"line":61}},"branchMap":{"0":{"loc":{"start":{"line":7,"column":4},"end":{"line":10,"column":5}},"type":"if","locations":[{"start":{"line":7,"column":4},"end":{"line":10,"column":5}},{"start":{},"end":{}}],"line":7},"1":{"loc":{"start":{"line":12,"column":4},"end":{"line":15,"column":5}},"type":"if","locations":[{"start":{"line":12,"column":4},"end":{"line":15,"column":5}},{"start":{},"end":{}}],"line":12},"2":{"loc":{"start":{"line":17,"column":4},"end":{"line":20,"column":5}},"type":"if","locations":[{"start":{"line":17,"column":4},"end":{"line":20,"column":5}},{"start":{},"end":{}}],"line":17},"3":{"loc":{"start":{"line":25,"column":4},"end":{"line":27,"column":5}},"type":"if","locations":[{"start":{"line":25,"column":4},"end":{"line":27,"column":5}},{"start":{},"end":{}}],"line":25},"4":{"loc":{"start":{"line":25,"column":9},"end":{"line":25,"column":28}},"type":"binary-expr","locations":[{"start":{"line":25,"column":9},"end":{"line":25,"column":16}},{"start":{"line":25,"column":20},"end":{"line":25,"column":28}}],"line":25},"5":{"loc":{"start":{"line":32,"column":4},"end":{"line":34,"column":5}},"type":"if","locations":[{"start":{"line":32,"column":4},"end":{"line":34,"column":5}},{"start":{},"end":{}}],"line":32},"6":{"loc":{"start":{"line":32,"column":8},"end":{"line":32,"column":31}},"type":"binary-expr","locations":[{"start":{"line":32,"column":8},"end":{"line":32,"column":17}},{"start":{"line":32,"column":21},"end":{"line":32,"column":31}}],"line":32},"7":{"loc":{"start":{"line":39,"column":4},"end":{"line":41,"column":5}},"type":"if","locations":[{"start":{"line":39,"column":4},"end":{"line":41,"column":5}},{"start":{},"end":{}}],"line":39},"8":{"loc":{"start":{"line":39,"column":8},"end":{"line":39,"column":33}},"type":"binary-expr","locations":[{"start":{"line":39,"column":8},"end":{"line":39,"column":19}},{"start":{"line":39,"column":23},"end":{"line":39,"column":33}}],"line":39},"9":{"loc":{"start":{"line":46,"column":11},"end":{"line":46,"column":33}},"type":"cond-expr","locations":[{"start":{"line":46,"column":23},"end":{"line":46,"column":27}},{"start":{"line":46,"column":28},"end":{"line":46,"column":33}}],"line":46},"10":{"loc":{"start":{"line":51,"column":4},"end":{"line":53,"column":5}},"type":"if","locations":[{"start":{"line":51,"column":4},"end":{"line":53,"column":5}},{"start":{},"end":{}}],"line":51},"11":{"loc":{"start":{"line":54,"column":11},"end":{"line":54,"column":34}},"type":"cond-expr","locations":[{"start":{"line":54,"column":24},"end":{"line":54,"column":29}},{"start":{"line":54,"column":30},"end":{"line":54,"column":34}}],"line":54},"12":{"loc":{"start":{"line":62,"column":4},"end":{"line":65,"column":5}},"type":"if","locations":[{"start":{"line":62,"column":4},"end":{"line":65,"column":5}},{"start":{},"end":{}}],"line":62},"13":{"loc":{"start":{"line":62,"column":7},"end":{"line":62,"column":81}},"type":"binary-expr","locations":[{"start":{"line":62,"column":7},"end":{"line":62,"column":16}},{"start":{"line":62,"column":20},"end":{"line":62,"column":31}},{"start":{"line":62,"column":35},"end":{"line":62,"column":45}},{"start":{"line":62,"column":49},"end":{"line":62,"column":56}},{"start":{"line":62,"column":60},"end":{"line":62,"column":69}},{"start":{"line":62,"column":73},"end":{"line":62,"column":81}}],"line":62},"14":{"loc":{"start":{"line":67,"column":4},"end":{"line":69,"column":5}},"type":"if","locations":[{"start":{"line":67,"column":4},"end":{"line":69,"column":5}},{"start":{},"end":{}}],"line":67},"15":{"loc":{"start":{"line":71,"column":4},"end":{"line":74,"column":5}},"type":"if","locations":[{"start":{"line":71,"column":4},"end":{"line":74,"column":5}},{"start":{},"end":{}}],"line":71},"16":{"loc":{"start":{"line":76,"column":4},"end":{"line":79,"column":5}},"type":"if","locations":[{"start":{"line":76,"column":4},"end":{"line":79,"column":5}},{"start":{},"end":{}}],"line":76},"17":{"loc":{"start":{"line":81,"column":4},"end":{"line":84,"column":5}},"type":"if","locations":[{"start":{"line":81,"column":4},"end":{"line":84,"column":5}},{"start":{},"end":{}}],"line":81},"18":{"loc":{"start":{"line":86,"column":4},"end":{"line":91,"column":5}},"type":"if","locations":[{"start":{"line":86,"column":4},"end":{"line":91,"column":5}},{"start":{},"end":{}}],"line":86},"19":{"loc":{"start":{"line":87,"column":8},"end":{"line":90,"column":9}},"type":"if","locations":[{"start":{"line":87,"column":8},"end":{"line":90,"column":9}},{"start":{},"end":{}}],"line":87}},"s":{"0":1,"1":0,"2":1,"3":0,"4":0,"5":0,"6":0,"7":0,"8":0,"9":0,"10":0,"11":0,"12":0,"13":1,"14":1,"15":0,"16":1,"17":1,"18":0,"19":0,"20":0,"21":1,"22":1,"23":0,"24":1,"25":1,"26":0,"27":1,"28":0,"29":0,"30":0,"31":0,"32":1,"33":0,"34":0,"35":0,"36":0,"37":0,"38":0,"39":0,"40":0,"41":0,"42":0,"43":0,"44":0,"45":0,"46":0,"47":0,"48":0,"49":0,"50":0,"51":0,"52":0,"53":1},"f":{"0":0,"1":0,"2":1,"3":0,"4":1,"5":0,"6":0,"7":0,"8":0},"b":{"0":[0,0],"1":[0,0],"2":[0,0],"3":[0,1],"4":[1,1],"5":[0,0],"6":[0,0],"7":[0,1],"8":[1,1],"9":[0,0],"10":[0,0],"11":[0,0],"12":[0,0],"13":[0,0,0,0,0,0],"14":[0,0],"15":[0,0],"16":[0,0],"17":[0,0],"18":[0,0],"19":[0,0]},"_coverageSchema":"1a1c01bbd47fc00a2c39e90264f33305004495a9","hash":"3965a62c10078667295c6036c4bb77efea7e54cd"}
}
