TN:
SF:timechecker\script.js
FN:2,(anonymous_0)
FN:6,(anonymous_1)
FN:24,(anonymous_2)
FN:31,(anonymous_3)
FN:38,(anonymous_4)
FN:45,(anonymous_5)
FN:49,(anonymous_6)
FN:57,(anonymous_7)
FN:61,validateInput
FNF:9
FNH:2
FNDA:0,(anonymous_0)
FNDA:0,(anonymous_1)
FNDA:1,(anonymous_2)
FNDA:0,(anonymous_3)
FNDA:1,(anonymous_4)
FNDA:0,(anonymous_5)
FNDA:0,(anonymous_6)
FNDA:0,(anonymous_7)
FNDA:0,validateInput
DA:2,1
DA:3,0
DA:6,1
DA:7,0
DA:8,0
DA:9,0
DA:12,0
DA:13,0
DA:14,0
DA:17,0
DA:18,0
DA:19,0
DA:21,0
DA:24,1
DA:25,1
DA:26,0
DA:28,1
DA:31,1
DA:32,0
DA:33,0
DA:35,0
DA:38,1
DA:39,1
DA:40,0
DA:42,1
DA:45,1
DA:46,0
DA:49,1
DA:50,0
DA:51,0
DA:52,0
DA:54,0
DA:57,1
DA:58,0
DA:62,0
DA:63,0
DA:64,0
DA:67,0
DA:68,0
DA:71,0
DA:72,0
DA:73,0
DA:76,0
DA:77,0
DA:78,0
DA:81,0
DA:82,0
DA:83,0
DA:86,0
DA:87,0
DA:88,0
DA:89,0
DA:93,0
DA:97,1
LF:54
LH:13
BRDA:7,0,0,0
BRDA:7,0,1,0
BRDA:12,1,0,0
BRDA:12,1,1,0
BRDA:17,2,0,0
BRDA:17,2,1,0
BRDA:25,3,0,0
BRDA:25,3,1,1
BRDA:25,4,0,1
BRDA:25,4,1,1
BRDA:32,5,0,0
BRDA:32,5,1,0
BRDA:32,6,0,0
BRDA:32,6,1,0
BRDA:39,7,0,0
BRDA:39,7,1,1
BRDA:39,8,0,1
BRDA:39,8,1,1
BRDA:46,9,0,0
BRDA:46,9,1,0
BRDA:51,10,0,0
BRDA:51,10,1,0
BRDA:54,11,0,0
BRDA:54,11,1,0
BRDA:62,12,0,0
BRDA:62,12,1,0
BRDA:62,13,0,0
BRDA:62,13,1,0
BRDA:62,13,2,0
BRDA:62,13,3,0
BRDA:62,13,4,0
BRDA:62,13,5,0
BRDA:67,14,0,0
BRDA:67,14,1,0
BRDA:71,15,0,0
BRDA:71,15,1,0
BRDA:76,16,0,0
BRDA:76,16,1,0
BRDA:81,17,0,0
BRDA:81,17,1,0
BRDA:86,18,0,0
BRDA:86,18,1,0
BRDA:87,19,0,0
BRDA:87,19,1,0
BRF:44
BRH:6
end_of_record
